SF:lib/models/career_model.dart
DA:7,1
LF:1
LH:1
end_of_record
SF:lib/models/question_model.dart
DA:5,1
DA:15,1
LF:2
LH:2
end_of_record
SF:lib/models/user_model.dart
DA:7,2
DA:15,1
DA:16,1
DA:17,1
DA:21,2
DA:22,2
DA:26,2
DA:27,4
LF:8
LH:8
end_of_record
SF:lib/screens/home_screen.dart
DA:6,1
DA:8,1
DA:9,1
DA:10,1
DA:11,1
DA:12,1
DA:13,0
DA:14,0
DA:16,0
DA:17,0
DA:21,1
DA:25,1
DA:26,1
DA:27,0
DA:28,0
DA:30,0
DA:31,0
DA:34,1
LF:18
LH:10
end_of_record
SF:lib/screens/career_details_screen.dart
DA:6,0
DA:8,0
DA:10,0
DA:11,0
DA:12,0
DA:14,0
DA:16,0
DA:18,0
DA:19,0
DA:21,0
DA:23,0
DA:24,0
DA:25,0
DA:27,0
DA:29,0
DA:30,0
DA:31,0
DA:33,0
DA:35,0
LF:19
LH:0
end_of_record
SF:lib/screens/personality_test_screen.dart
DA:5,1
DA:6,1
DA:46,0
DA:47,0
DA:48,0
DA:49,0
DA:53,0
DA:54,0
DA:55,0
DA:56,0
DA:57,0
DA:58,0
DA:64,0
DA:66,0
DA:67,0
DA:68,0
DA:72,1
DA:74,1
DA:75,1
DA:76,1
DA:78,4
DA:79,1
DA:81,1
DA:83,1
DA:84,1
DA:85,4
DA:86,1
DA:88,1
DA:89,4
DA:91,3
DA:93,1
DA:94,0
DA:95,2
DA:96,1
DA:97,1
DA:101,1
DA:105,0
DA:106,0
LF:38
LH:21
end_of_record
SF:lib/screens/profile_screen.dart
DA:6,0
DA:7,0
DA:16,0
DA:18,0
DA:19,0
DA:20,0
DA:21,0
DA:24,0
DA:26,0
DA:27,0
DA:28,0
DA:31,0
DA:32,0
DA:33,0
DA:35,0
DA:36,0
DA:37,0
DA:38,0
DA:40,0
DA:41,0
DA:42,0
DA:43,0
DA:45,0
DA:46,0
DA:47,0
DA:51,0
DA:52,0
DA:53,0
DA:54,0
DA:56,0
DA:58,0
DA:59,0
DA:60,0
DA:61,0
DA:62,0
DA:64,0
DA:66,0
DA:74,0
DA:75,0
DA:78,0
DA:80,0
DA:81,0
DA:82,0
DA:83,0
DA:84,0
DA:85,0
DA:86,0
DA:87,0
DA:89,0
DA:90,0
DA:91,0
DA:95,0
DA:97,0
DA:99,0
DA:100,0
DA:102,0
DA:104,0
DA:105,0
DA:106,0
DA:107,0
DA:108,0
DA:110,0
DA:111,0
DA:112,0
DA:113,0
DA:115,0
DA:116,0
DA:118,0
DA:120,0
DA:121,0
DA:122,0
DA:123,0
DA:125,0
DA:126,0
DA:128,0
DA:130,0
DA:131,0
DA:132,0
DA:133,0
DA:134,0
DA:135,0
DA:136,0
LF:82
LH:0
end_of_record
SF:lib/screens/results_screen.dart
DA:7,0
DA:18,0
DA:20,0
DA:22,0
DA:23,0
DA:24,0
DA:26,0
DA:28,0
DA:30,0
DA:31,0
DA:33,0
DA:35,0
DA:36,0
DA:37,0
DA:38,0
DA:39,0
DA:40,0
DA:41,0
DA:42,0
DA:43,0
DA:44,0
DA:45,0
DA:47,0
DA:48,0
DA:49,0
LF:25
LH:0
end_of_record
SF:lib/state_management/user_provider.dart
DA:10,0
DA:12,0
DA:13,0
DA:14,0
DA:17,0
DA:18,0
DA:19,0
DA:22,0
DA:23,0
DA:24,0
LF:10
LH:0
end_of_record
